<?xml version="1.0" encoding="UTF-8"?>
<!-- Generated by org.testng.reporters.JUnitReportReporter -->
<testsuite skipped="0" hostname="DESKTOP-O06THGR" name="com.learnmaven.AppTest" tests="1" failures="0" timestamp="17 Jul 2017 16:24:57 GMT" time="0.011" errors="0">
  <testcase name="appTest" time="0.011" classname="com.learnmaven.AppTest"/>
</testsuite> <!-- com.learnmaven.AppTest -->
