<?xml version="1.0" encoding="UTF-8"?>
<!-- Generated by org.testng.reporters.JUnitReportReporter -->
<testsuite skipped="0" hostname="DESKTOP-O06THGR" name="com.learnmaven.SampleTest" tests="1" failures="0" timestamp="17 Jul 2017 16:51:52 GMT" time="0.013" errors="0">
  <testcase name="sampleTest" time="0.013" classname="com.learnmaven.SampleTest"/>
</testsuite> <!-- com.learnmaven.SampleTest -->
