<?xml version="1.0" encoding="UTF-8"?>
<!-- Generated by org.testng.reporters.JUnitReportReporter -->
<testsuite hostname="DESKTOP-O06THGR" name="com.learnmaven.SampleTest" tests="1" failures="0" timestamp="18 Jul 2017 20:25:33 GMT" time="0.000" errors="0">
  <testcase name="sampleTest" time="0.000" classname="com.learnmaven.SampleTest"/>
</testsuite> <!-- com.learnmaven.SampleTest -->
